# JRE version: Java(TM) SE Runtime Environment 18.9 (11.0.8+10) (build 11.0.8+10-LTS)
# Java VM: Java HotSpot(TM) 64-Bit Server VM 18.9 (11.0.8+10-LTS, mixed mode, tiered, compressed oops, g1 gc, windows-amd64)
Heap:
 garbage-first heap   total 322560K, used 81822K [0x0000000082400000, 0x0000000100000000)
  region size 1024K, 30 young (30720K), 2 survivors (2048K)
 Metaspace       used 64980K, capacity 68489K, committed 68604K, reserved 1107968K
  class space    used 9251K, capacity 10957K, committed 11004K, reserved 1048576K
GC Heap History (10 events):
Event: 10.654 GC heap before
{Heap before GC invocations=24 (full 0):
 garbage-first heap   total 190464K, used 162388K [0x0000000082400000, 0x0000000100000000)
  region size 1024K, 111 young (113664K), 6 survivors (6144K)
 Metaspace       used 60028K, capacity 62850K, committed 62972K, reserved 1101824K
  class space    used 8333K, capacity 9675K, committed 9724K, reserved 1048576K
}
Event: 10.659 GC heap after
{Heap after GC invocations=25 (full 0):
 garbage-first heap   total 229376K, used 55020K [0x0000000082400000, 0x0000000100000000)
  region size 1024K, 6 young (6144K), 6 survivors (6144K)
 Metaspace       used 60028K, capacity 62850K, committed 62972K, reserved 1101824K
  class space    used 8333K, capacity 9675K, committed 9724K, reserved 1048576K
}
Event: 11.196 GC heap before
{Heap before GC invocations=25 (full 0):
 garbage-first heap   total 229376K, used 94956K [0x0000000082400000, 0x0000000100000000)
  region size 1024K, 46 young (47104K), 6 survivors (6144K)
 Metaspace       used 60967K, capacity 63826K, committed 63868K, reserved 1103872K
  class space    used 8462K, capacity 9845K, committed 9852K, reserved 1048576K
}
Event: 11.201 GC heap after
{Heap after GC invocations=26 (full 0):
 garbage-first heap   total 229376K, used 55253K [0x0000000082400000, 0x0000000100000000)
  region size 1024K, 7 young (7168K), 7 survivors (7168K)
 Metaspace       used 60967K, capacity 63826K, committed 63868K, reserved 1103872K
  class space    used 8462K, capacity 9845K, committed 9852K, reserved 1048576K
}
Event: 14.009 GC heap before
{Heap before GC invocations=27 (full 0):
 garbage-first heap   total 229376K, used 155605K [0x0000000082400000, 0x0000000100000000)
  region size 1024K, 105 young (107520K), 7 survivors (7168K)
 Metaspace       used 63654K, capacity 66894K, committed 67196K, reserved 1105920K
  class space    used 8952K, capacity 10536K, committed 10620K, reserved 1048576K
}
Event: 14.039 GC heap after
{Heap after GC invocations=28 (full 0):
 garbage-first heap   total 229376K, used 55964K [0x0000000082400000, 0x0000000100000000)
  region size 1024K, 7 young (7168K), 7 survivors (7168K)
 Metaspace       used 63654K, capacity 66894K, committed 67196K, reserved 1105920K
  class space    used 8952K, capacity 10536K, committed 10620K, reserved 1048576K
}
Event: 14.068 GC heap before
{Heap before GC invocations=28 (full 0):
 garbage-first heap   total 229376K, used 60060K [0x0000000082400000, 0x0000000100000000)
  region size 1024K, 11 young (11264K), 7 survivors (7168K)
 Metaspace       used 63654K, capacity 66894K, committed 67196K, reserved 1105920K
  class space    used 8952K, capacity 10536K, committed 10620K, reserved 1048576K
}
Event: 14.093 GC heap after
{Heap after GC invocations=29 (full 0):
 garbage-first heap   total 229376K, used 54598K [0x0000000082400000, 0x0000000100000000)
  region size 1024K, 2 young (2048K), 2 survivors (2048K)
 Metaspace       used 63654K, capacity 66894K, committed 67196K, reserved 1105920K
  class space    used 8952K, capacity 10536K, committed 10620K, reserved 1048576K
}
Event: 15.304 GC heap before
{Heap before GC invocations=29 (full 0):
 garbage-first heap   total 229376K, used 161094K [0x0000000082400000, 0x0000000100000000)
  region size 1024K, 106 young (108544K), 2 survivors (2048K)
 Metaspace       used 64640K, capacity 68110K, committed 68220K, reserved 1105920K
  class space    used 9186K, capacity 10875K, committed 10876K, reserved 1048576K
}
Event: 15.338 GC heap after
{Heap after GC invocations=30 (full 0):
 garbage-first heap   total 322560K, used 54174K [0x0000000082400000, 0x0000000100000000)
  region size 1024K, 2 young (2048K), 2 survivors (2048K)
 Metaspace       used 64640K, capacity 68110K, committed 68220K, reserved 1105920K
  class space    used 9186K, capacity 10875K, committed 10876K, reserved 1048576K
}

