# JRE version: Java(TM) SE Runtime Environment 18.9 (11.0.8+10) (build 11.0.8+10-LTS)
# Java VM: Java HotSpot(TM) 64-Bit Server VM 18.9 (11.0.8+10-LTS, mixed mode, tiered, compressed oops, g1 gc, windows-amd64)
Heap:
 garbage-first heap   total 279552K, used 113755K [0x0000000082400000, 0x0000000100000000)
  region size 1024K, 62 young (63488K), 5 survivors (5120K)
 Metaspace       used 67076K, capacity 71060K, committed 71212K, reserved 1110016K
  class space    used 9534K, capacity 11392K, committed 11392K, reserved 1048576K
GC Heap History (10 events):
Event: 19.345 GC heap before
{Heap before GC invocations=32 (full 0):
 garbage-first heap   total 232448K, used 189493K [0x0000000082400000, 0x0000000100000000)
  region size 1024K, 136 young (139264K), 5 survivors (5120K)
 Metaspace       used 66584K, capacity 70361K, committed 70700K, reserved 1107968K
  class space    used 9478K, capacity 11287K, committed 11392K, reserved 1048576K
}
Event: 19.368 GC heap after
{Heap after GC invocations=33 (full 0):
 garbage-first heap   total 232448K, used 55657K [0x0000000082400000, 0x0000000100000000)
  region size 1024K, 4 young (4096K), 4 survivors (4096K)
 Metaspace       used 66584K, capacity 70361K, committed 70700K, reserved 1107968K
  class space    used 9478K, capacity 11287K, committed 11392K, reserved 1048576K
}
Event: 20.852 GC heap before
{Heap before GC invocations=33 (full 0):
 garbage-first heap   total 232448K, used 190825K [0x0000000082400000, 0x0000000100000000)
  region size 1024K, 136 young (139264K), 4 survivors (4096K)
 Metaspace       used 66712K, capacity 70518K, committed 70700K, reserved 1107968K
  class space    used 9514K, capacity 11370K, committed 11392K, reserved 1048576K
}
Event: 20.879 GC heap after
{Heap after GC invocations=34 (full 0):
 garbage-first heap   total 279552K, used 56451K [0x0000000082400000, 0x0000000100000000)
  region size 1024K, 5 young (5120K), 5 survivors (5120K)
 Metaspace       used 66712K, capacity 70518K, committed 70700K, reserved 1107968K
  class space    used 9514K, capacity 11370K, committed 11392K, reserved 1048576K
}
Event: 22.335 GC heap before
{Heap before GC invocations=34 (full 0):
 garbage-first heap   total 279552K, used 217219K [0x0000000082400000, 0x0000000100000000)
  region size 1024K, 162 young (165888K), 5 survivors (5120K)
 Metaspace       used 66898K, capacity 70783K, committed 70956K, reserved 1110016K
  class space    used 9518K, capacity 11373K, committed 11392K, reserved 1048576K
}
Event: 22.359 GC heap after
{Heap after GC invocations=35 (full 0):
 garbage-first heap   total 279552K, used 56854K [0x0000000082400000, 0x0000000100000000)
  region size 1024K, 5 young (5120K), 5 survivors (5120K)
 Metaspace       used 66898K, capacity 70783K, committed 70956K, reserved 1110016K
  class space    used 9518K, capacity 11373K, committed 11392K, reserved 1048576K
}
Event: 24.101 GC heap before
{Heap before GC invocations=35 (full 0):
 garbage-first heap   total 279552K, used 218646K [0x0000000082400000, 0x0000000100000000)
  region size 1024K, 163 young (166912K), 5 survivors (5120K)
 Metaspace       used 66969K, capacity 70877K, committed 70956K, reserved 1110016K
  class space    used 9518K, capacity 11373K, committed 11392K, reserved 1048576K
}
Event: 24.127 GC heap after
{Heap after GC invocations=36 (full 0):
 garbage-first heap   total 279552K, used 56348K [0x0000000082400000, 0x0000000100000000)
  region size 1024K, 5 young (5120K), 5 survivors (5120K)
 Metaspace       used 66969K, capacity 70877K, committed 70956K, reserved 1110016K
  class space    used 9518K, capacity 11373K, committed 11392K, reserved 1048576K
}
Event: 25.029 GC heap before
{Heap before GC invocations=36 (full 0):
 garbage-first heap   total 279552K, used 218140K [0x0000000082400000, 0x0000000100000000)
  region size 1024K, 163 young (166912K), 5 survivors (5120K)
 Metaspace       used 67020K, capacity 70969K, committed 71212K, reserved 1110016K
  class space    used 9523K, capacity 11380K, committed 11392K, reserved 1048576K
}
Event: 25.048 GC heap after
{Heap after GC invocations=37 (full 0):
 garbage-first heap   total 279552K, used 56411K [0x0000000082400000, 0x0000000100000000)
  region size 1024K, 5 young (5120K), 5 survivors (5120K)
 Metaspace       used 67020K, capacity 70969K, committed 71212K, reserved 1110016K
  class space    used 9523K, capacity 11380K, committed 11392K, reserved 1048576K
}

